2014-11-26 09:26:29 - Temperature_GF_Corridor state updated to 20.00000000
2014-11-26 09:26:29 - Temperature_GF_Toilet state updated to 20.00000000
2014-11-26 09:26:29 - Temperature_GF_Living state updated to 20.00000000
2014-11-26 09:26:29 - Temperature_GF_Kitchen state updated to 19.60000000
2014-11-26 09:26:29 - Temperature_FF_Bath state updated to 21.30000000
2014-11-26 09:26:29 - Temperature_FF_Office state updated to 20.30000000
2014-11-26 09:26:29 - Temperature_FF_Child state updated to 20.30000000
2014-11-26 09:26:29 - Temperature_FF_Bed state updated to 20.30000000
2014-11-26 09:26:29 - Temperature_GF_Corridor state updated to 22.10000000
2014-11-26 09:26:29 - Temperature_GF_Toilet state updated to 20.70000000
2014-11-26 09:26:29 - Temperature_GF_Living state updated to 19.00000000
2014-11-26 09:26:29 - Temperature_GF_Kitchen state updated to 22.50000000
2014-11-26 09:26:29 - Temperature_FF_Bath state updated to 21.80000000
2014-11-26 09:26:29 - Temperature_FF_Office state updated to 19.50000000
2014-11-26 09:26:30 - Temperature_FF_Child state updated to 18.20000000
2014-11-26 09:26:30 - Temperature_FF_Bed state updated to 18.40000000
2014-11-26 09:27:49 - Date state updated to 2014-11-26T09:27:49
2014-11-26 09:28:59 - Weather_Humidity state updated to 93
2014-11-26 09:29:01 - Weather_Temperature state updated to 4
2014-11-26 09:29:03 - Weather_Temp_Max state updated to 4
2014-11-26 09:29:12 - Weather_Temp_Min state updated to 4
2014-11-26 09:29:15 - Weather_LastUpdate state updated to 2014-11-26T09:29:15
2014-11-26 09:29:33 - Weather_Humidex state updated to 2.6470109780649768
2014-11-26 09:29:34 - Weather_Humidex state updated to 2.6470109780649768
2014-11-26 09:30:00 - Temperature_GF_Corridor state updated to 21.40000000
2014-11-26 09:30:01 - Temperature_GF_Toilet state updated to 20.40000000
2014-11-26 09:30:02 - Temperature_GF_Living state updated to 19.00000000
2014-11-26 09:30:02 - Temperature_GF_Kitchen state updated to 22.50000000
2014-11-26 09:30:02 - Temperature_FF_Bath state updated to 20.00000000
2014-11-26 09:30:03 - Temperature_FF_Office state updated to 21.00000000
2014-11-26 09:30:03 - Temperature_FF_Child state updated to 22.40000000
2014-11-26 09:30:04 - Temperature_FF_Bed state updated to 20.20000000
2014-11-26 09:30:05 - Weather_Humidity state updated to 93
2014-11-26 09:30:05 - Weather_Temperature state updated to 4
2014-11-26 09:30:05 - Weather_LastUpdate state updated to 2014-11-26T09:30:05
2014-11-26 09:34:17 - Light_GF_Living_Table state updated to OFF
2014-11-26 09:34:17 - Light_GF_Corridor_Ceiling state updated to OFF
2014-11-26 09:34:17 - Light_GF_Kitchen_Ceiling state updated to OFF
2014-11-26 09:34:18 - Light_GF_Kitchen_Table state updated to OFF
2014-11-26 09:34:18 - Light_GF_Corridor_Wardrobe state updated to OFF
2014-11-26 09:34:18 - Light_GF_Toilet_Ceiling state updated to OFF
2014-11-26 09:34:18 - Light_GF_Toilet_Mirror state updated to OFF
2014-11-26 09:34:18 - Light_FF_Bath_Ceiling state updated to OFF
2014-11-26 09:34:18 - Light_FF_Bath_Mirror state updated to OFF
2014-11-26 09:34:18 - Light_FF_Corridor_Ceiling state updated to ON
2014-11-26 09:34:18 - Light_FF_Office_Ceiling state updated to OFF
2014-11-26 09:34:18 - Light_FF_Child_Ceiling state updated to ON
2014-11-26 09:34:18 - Light_FF_Bed_Ceiling state updated to OFF
2014-11-26 09:34:19 - Light_C_Corridor_Ceiling state updated to OFF
2014-11-26 09:34:19 - Light_C_Staircase state updated to OFF
2014-11-26 09:34:19 - Light_C_Washing_Ceiling state updated to OFF
2014-11-26 09:34:19 - Light_C_Workshop state updated to OFF
2014-11-26 09:34:19 - Light_Outdoor_Garage state updated to OFF
2014-11-26 09:34:19 - Light_Outdoor_Terrace state updated to OFF
2014-11-26 09:34:19 - Light_Outdoor_Frontdoor state updated to OFF
2014-11-26 09:34:26 - Heating_GF_Corridor state updated to OFF
2014-11-26 09:34:26 - Heating_GF_Toilet state updated to OFF
2014-11-26 09:34:26 - Heating_GF_Living state updated to OFF
2014-11-26 09:34:26 - Heating_GF_Kitchen state updated to OFF
2014-11-26 09:34:26 - Heating_FF_Bath state updated to ON
2014-11-26 09:34:26 - Heating_FF_Office state updated to OFF
2014-11-26 09:34:27 - Heating_FF_Child state updated to ON
2014-11-26 09:34:27 - Heating_FF_Bed state updated to OFF
2014-11-26 09:34:28 - Temperature_Setpoint state updated to 22
2014-11-26 09:34:32 - Window_GF_Frontdoor state updated to CLOSED
2014-11-26 09:34:32 - Window_GF_Kitchen state updated to CLOSED
2014-11-26 09:34:32 - Window_GF_Living state updated to CLOSED
2014-11-26 09:34:32 - Window_GF_Toilet state updated to CLOSED
2014-11-26 09:34:32 - Window_FF_Bath state updated to OPEN
2014-11-26 09:34:32 - Window_FF_Bed state updated to OPEN
2014-11-26 09:34:32 - Window_FF_Office_Window state updated to OPEN
2014-11-26 09:34:33 - Window_FF_Office_Door state updated to CLOSED
2014-11-26 09:34:33 - Garage_Door state updated to OPEN
2014-11-26 09:35:05 - Weather_Temp_Max state updated to 4
2014-11-26 09:35:08 - Weather_LastUpdate state updated to 2014-11-26T09:35:08
2014-11-26 09:35:09 - Weather_Temp_Min state updated to 4
2014-11-26 09:35:51 - Weather_Humidity state updated to 93
2014-11-26 09:35:53 - Weather_Temperature state updated to 4
2014-11-26 09:35:53 - Weather_LastUpdate state updated to 2014-11-26T09:35:53
2014-11-26 09:36:04 - Weather_Humidex state updated to 2.6470109780649768
2014-11-26 09:36:52 - Weather_Humidity state updated to 93
2014-11-26 09:36:54 - Weather_Temperature state updated to 4
2014-11-26 09:36:54 - Weather_LastUpdate state updated to 2014-11-26T09:36:54
2014-11-26 09:37:53 - Weather_Humidity state updated to 93
2014-11-26 09:37:56 - Weather_Temperature state updated to 4
2014-11-26 09:37:56 - Weather_LastUpdate state updated to 2014-11-26T09:37:56
2014-11-26 09:38:29 - Weather_Chart_Period received command 0
2014-11-26 09:38:55 - Weather_Humidity state updated to 93
2014-11-26 09:38:57 - Weather_Temperature state updated to 4
2014-11-26 09:38:57 - Weather_LastUpdate state updated to 2014-11-26T09:38:57
2014-11-26 09:39:56 - Weather_Humidity state updated to 93
2014-11-26 09:39:57 - Weather_Temperature state updated to 4
2014-11-26 09:39:58 - Weather_LastUpdate state updated to 2014-11-26T09:39:58
2014-11-26 09:40:57 - Weather_Humidity state updated to 93
2014-11-26 09:40:59 - Weather_Temperature state updated to 4
2014-11-26 09:40:59 - Weather_LastUpdate state updated to 2014-11-26T09:40:59
2014-11-26 09:41:58 - Weather_Humidity state updated to 93
2014-11-26 09:42:00 - Weather_Temperature state updated to 4
2014-11-26 09:42:01 - Weather_LastUpdate state updated to 2014-11-26T09:42:01
2014-11-26 09:42:59 - Weather_Humidity state updated to 93
2014-11-26 09:43:01 - Weather_Temperature state updated to 4
2014-11-26 09:43:02 - Weather_LastUpdate state updated to 2014-11-26T09:43:02
2014-11-26 09:44:00 - Weather_Humidity state updated to 93
2014-11-26 09:44:02 - Weather_Temperature state updated to 4
2014-11-26 09:44:03 - Weather_LastUpdate state updated to 2014-11-26T09:44:03
2014-11-26 09:45:01 - Weather_Humidity state updated to 93
2014-11-26 09:45:03 - Weather_Temperature state updated to 4
2014-11-26 09:45:03 - Weather_LastUpdate state updated to 2014-11-26T09:45:03
2014-11-26 09:46:03 - Weather_Humidity state updated to 93
2014-11-26 09:46:04 - Weather_Temperature state updated to 4
2014-11-26 09:46:04 - Weather_LastUpdate state updated to 2014-11-26T09:46:04
2014-11-26 09:47:04 - Weather_Humidity state updated to 93
2014-11-26 09:47:05 - Weather_Temperature state updated to 4
2014-11-26 09:47:05 - Weather_LastUpdate state updated to 2014-11-26T09:47:05
2014-11-26 09:48:05 - Weather_Humidity state updated to 87
2014-11-26 09:48:06 - Weather_Humidex state updated to 2.3758776536736880
2014-11-26 09:48:06 - Weather_Temperature state updated to 4
2014-11-26 09:48:07 - Weather_LastUpdate state updated to 2014-11-26T09:48:07
2014-11-26 09:49:06 - Weather_Humidity state updated to 87
2014-11-26 09:49:08 - Weather_Temperature state updated to 5
2014-11-26 09:49:08 - Weather_LastUpdate state updated to 2014-11-26T09:49:08
2014-11-26 09:49:08 - Weather_Temp_Max state updated to 5
2014-11-26 09:49:09 - Weather_Temp_Min state updated to 4
2014-11-26 09:49:09 - Weather_Humidex state updated to 3.6608447115089800
2014-11-26 09:50:07 - Weather_Humidity state updated to 87
2014-11-26 09:50:09 - Weather_Temperature state updated to 5
2014-11-26 09:50:09 - Weather_LastUpdate state updated to 2014-11-26T09:50:09
2014-11-26 09:51:08 - Weather_Humidity state updated to 87
2014-11-26 09:51:10 - Weather_Temperature state updated to 5
2014-11-26 09:51:10 - Weather_LastUpdate state updated to 2014-11-26T09:51:10
2014-11-26 09:52:09 - Weather_Humidity state updated to 87
2014-11-26 09:52:11 - Weather_Temperature state updated to 5
2014-11-26 09:52:11 - Weather_LastUpdate state updated to 2014-11-26T09:52:11
2014-11-26 09:53:11 - Weather_Humidity state updated to 87
2014-11-26 09:53:12 - Weather_Temperature state updated to 5
2014-11-26 09:53:12 - Weather_LastUpdate state updated to 2014-11-26T09:53:12
