2014-11-26 09:24:31.706 [INFO ] [.o.core.internal.CoreActivator] - openHAB runtime has been started (v1.6.0).
2014-11-26 09:24:56.144 [INFO ] [o.o.i.s.i.DiscoveryServiceImpl] - mDNS service has been started
2014-11-26 09:25:00.134 [INFO ] [c.internal.ModelRepositoryImpl] - Loading model 'exec.persist'
2014-11-26 09:25:02.595 [INFO ] [o.o.i.s.i.DiscoveryServiceImpl] - Service Discovery initialization completed.
2014-11-26 09:25:03.773 [INFO ] [c.internal.ModelRepositoryImpl] - Loading model 'logging.persist'
2014-11-26 09:25:04.512 [INFO ] [c.internal.ModelRepositoryImpl] - Loading model 'db4o.persist'
2014-11-26 09:25:04.837 [INFO ] [c.internal.ModelRepositoryImpl] - Loading model 'rrd4j.persist'
2014-11-26 09:25:05.538 [INFO ] [c.internal.ModelRepositoryImpl] - Loading model 'demo.items'
2014-11-26 09:25:31.528 [INFO ] [c.internal.ModelRepositoryImpl] - Loading model 'demo.sitemap'
2014-11-26 09:25:37.399 [INFO ] [c.internal.ModelRepositoryImpl] - Loading model 'demo.script'
2014-11-26 09:25:46.907 [INFO ] [penhab.io.rest.RESTApplication] - Started REST API at /rest
2014-11-26 09:25:53.665 [INFO ] [.o.u.w.i.servlet.WebAppServlet] - Started Classic UI at /openhab.app
2014-11-26 09:26:00.930 [INFO ] [c.internal.ModelRepositoryImpl] - Loading model 'demo.rules'
2014-11-26 09:26:16.909 [ERROR] [m.r.internal.engine.RuleEngine] - Error during the execution of startup rule 'Initialize light states': Could not invoke method: org.openhab.model.script.actions.BusEvent.postUpdate(org.openhab.core.items.Item,java.lang.Number) on instance: null
2014-11-26 09:26:20.423 [ERROR] [m.r.internal.engine.RuleEngine] - Error during the execution of startup rule 'Initialize heating states': Could not invoke method: org.openhab.model.script.actions.BusEvent.postUpdate(org.openhab.core.items.Item,java.lang.Number) on instance: null
2014-11-26 09:26:23.157 [ERROR] [m.r.internal.engine.RuleEngine] - Error during the execution of startup rule 'Initialize contact states': Could not invoke method: org.openhab.model.script.actions.BusEvent.postUpdate(org.openhab.core.items.Item,java.lang.Number) on instance: null
2014-11-26 09:26:27.984 [WARN ] [.o.c.p.e.PersistenceExtensions] - There is no queryable persistence service registered with the name 'rrd4j'
2014-11-26 09:26:28.005 [ERROR] [m.r.internal.engine.RuleEngine] - Error during the execution of startup rule 'Update max and min temperatures': cannot invoke method public abstract org.openhab.core.types.State org.openhab.core.persistence.HistoricItem.getState() on null
2014-11-26 09:26:28.121 [ERROR] [.r.i.engine.RuleTriggerManager] - Cannot create timer for rule 'Set random room temperatures': Unable to store Job : 'DEFAULT.demo.rules#Set random room temperatures#0 0/5 * * * ?', because one already exists with this identification.
2014-11-26 09:26:28.205 [ERROR] [.r.i.engine.RuleTriggerManager] - Cannot create timer for rule 'Update max and min temperatures': Unable to store Job : 'DEFAULT.demo.rules#Update max and min temperatures#0 0 0 * * ?', because one already exists with this identification.
2014-11-26 09:26:28.271 [ERROR] [.r.i.engine.RuleTriggerManager] - Cannot create timer for rule 'Persistence Demo': Unable to store Job : 'DEFAULT.demo.rules#Persistence Demo#0 * * * * ?', because one already exists with this identification.
2014-11-26 09:26:28.557 [ERROR] [m.r.internal.engine.RuleEngine] - Error during the execution of startup rule 'Initialize light states': Could not invoke method: org.openhab.model.script.actions.BusEvent.postUpdate(org.openhab.core.items.Item,java.lang.Number) on instance: null
2014-11-26 09:26:28.711 [ERROR] [m.r.internal.engine.RuleEngine] - Error during the execution of startup rule 'Initialize heating states': Could not invoke method: org.openhab.model.script.actions.BusEvent.postUpdate(org.openhab.core.items.Item,java.lang.Number) on instance: null
2014-11-26 09:26:28.820 [ERROR] [m.r.internal.engine.RuleEngine] - Error during the execution of startup rule 'Initialize contact states': Could not invoke method: org.openhab.model.script.actions.BusEvent.postUpdate(org.openhab.core.items.Item,java.lang.Number) on instance: null
2014-11-26 09:26:29.434 [WARN ] [.o.c.p.e.PersistenceExtensions] - There is no queryable persistence service registered with the name 'rrd4j'
2014-11-26 09:26:29.442 [ERROR] [m.r.internal.engine.RuleEngine] - Error during the execution of startup rule 'Update max and min temperatures': cannot invoke method public abstract org.openhab.core.types.State org.openhab.core.persistence.HistoricItem.getState() on null
2014-11-26 09:27:01.914 [WARN ] [.o.c.p.e.PersistenceExtensions] - There is no queryable persistence service registered with the name 'rrd4j'
2014-11-26 09:27:01.933 [WARN ] [.o.c.p.e.PersistenceExtensions] - There is no queryable persistence service registered with the name 'rrd4j'
2014-11-26 09:27:03.180 [INFO ] [t.AbstractSocketChannelBinding] - The maximum buffer will be set to the default value of 1024
2014-11-26 09:27:03.205 [INFO ] [t.AbstractSocketChannelBinding] - The interval to retry connection setups will be set to the default value of 5
2014-11-26 09:27:03.208 [INFO ] [t.AbstractSocketChannelBinding] - The cron job to reset connections will be set to the default value of 0 0 0 * * ?
2014-11-26 09:27:03.246 [INFO ] [t.AbstractSocketChannelBinding] - The setting to queue write operation until a channel gets connected will be set to the default value of true
2014-11-26 09:27:03.250 [INFO ] [t.AbstractSocketChannelBinding] - The port to listen for incoming connections will be set to the default value of 0
2014-11-26 09:27:03.296 [INFO ] [t.AbstractSocketChannelBinding] - The setting to share channels within an Item will be set to the default value of true
2014-11-26 09:27:03.345 [INFO ] [t.AbstractSocketChannelBinding] - The setting to share channels between the items with the same direction will be set to the default value of true
2014-11-26 09:27:03.355 [INFO ] [t.AbstractSocketChannelBinding] - The setting to share channels between directions will be set to the default value of true
2014-11-26 09:27:03.385 [INFO ] [t.AbstractSocketChannelBinding] - The setting to use address masks for incoming connections will be set to the default value of true
2014-11-26 09:27:03.487 [INFO ] [.service.AbstractActiveService] - TCP Refresh Service has been started
2014-11-26 09:27:03.491 [INFO ] [t.protocol.internal.TCPBinding] - The maximum time out for blocking write operations will be set to the default vaulue of 3000
2014-11-26 09:27:03.525 [INFO ] [t.protocol.internal.TCPBinding] - The blocking nature of read/write operations will be set to the default vaulue of false
2014-11-26 09:27:03.585 [INFO ] [t.protocol.internal.TCPBinding] - The preamble for all write operations will be set to the default vaulue of 
2014-11-26 09:27:03.595 [INFO ] [t.protocol.internal.TCPBinding] - The postamble for all write operations will be set to the default vaulue of 

2014-11-26 09:27:03.646 [INFO ] [t.protocol.internal.TCPBinding] - Updating states with returned values will be set to the default vaulue of true
2014-11-26 09:27:03.661 [INFO ] [t.protocol.internal.TCPBinding] - The characterset will be set to the default vaulue of ASCII
2014-11-26 09:27:06.235 [ERROR] [b.b.i.BTDeviceDiscoveryService] - Error while initializing local bluetooth device.
javax.bluetooth.BluetoothStateException: BlueCove com.intel.bluetooth.BluetoothStackBlueZ|com.intel.bluetooth.BluetoothStackBlueZDBus not available
	at com.intel.bluetooth.BlueCoveImpl.loadStackClass(BlueCoveImpl.java:356) ~[na:na]
	at com.intel.bluetooth.BlueCoveImpl.detectStack(BlueCoveImpl.java:447) ~[na:na]
	at com.intel.bluetooth.BlueCoveImpl.access$500(BlueCoveImpl.java:69) ~[na:na]
	at com.intel.bluetooth.BlueCoveImpl$1.run(BlueCoveImpl.java:1044) ~[na:na]
	at java.security.AccessController.doPrivileged(Native Method) ~[na:1.8.0]
	at com.intel.bluetooth.BlueCoveImpl.detectStackPrivileged(BlueCoveImpl.java:1042) ~[na:na]
	at com.intel.bluetooth.BlueCoveImpl.getBluetoothStack(BlueCoveImpl.java:1035) ~[na:na]
	at javax.bluetooth.LocalDevice.getLocalDeviceInstance(LocalDevice.java:75) ~[na:na]
	at javax.bluetooth.LocalDevice.getLocalDevice(LocalDevice.java:95) ~[na:na]
	at org.openhab.binding.bluetooth.internal.BTDeviceDiscoveryService.run(BTDeviceDiscoveryService.java:113) ~[na:na]
2014-11-26 09:27:15.088 [INFO ] [rg.openhab.io.cv.CVApplication] - Started Cometvisu API at /services/cv
2014-11-26 09:27:21.923 [INFO ] [.service.AbstractActiveService] - FritzBox refresh Service has been started
2014-11-26 09:27:22.238 [INFO ] [.service.AbstractActiveService] - Oceanic Refresh Service has been started
2014-11-26 09:27:25.049 [INFO ] [.service.AbstractActiveService] - HDanywhere Refresh Service has been started
2014-11-26 09:27:30.482 [INFO ] [.service.AbstractActiveService] - Sonos Refresh Service has been started
2014-11-26 09:27:30.958 [INFO ] [.service.AbstractActiveService] - RME Refresh Service has been started
2014-11-26 09:27:34.263 [INFO ] [.b.sonos.internal.SonosBinding] - Querying the network for any other Sonos device
2014-11-26 09:27:34.292 [ERROR] [.o.b.e.internal.EHealthBinding] - Error connecting to serial port 'null'
org.openhab.binding.ehealth.internal.EHealthException: Serial port 'null' could not be found. Available ports are:

	at org.openhab.binding.ehealth.protocol.SerialConnector.connect(SerialConnector.java:124) ~[na:na]
	at org.openhab.binding.ehealth.internal.EHealthBinding.updated(EHealthBinding.java:136) ~[na:na]
	at org.eclipse.equinox.internal.cm.ManagedServiceTracker$1.run(ManagedServiceTracker.java:183) [org.eclipse.equinox.cm_1.0.400.v20120522-1841.jar:na]
	at org.eclipse.equinox.internal.cm.SerializedTaskQueue$1.run(SerializedTaskQueue.java:36) [org.eclipse.equinox.cm_1.0.400.v20120522-1841.jar:na]
2014-11-26 09:27:34.870 [INFO ] [insteonplm.InsteonPLMActivator] - Insteon PLM binding has been started.
2014-11-26 09:27:42.396 [INFO ] [.service.AbstractActiveService] - Wemo Refresh Service has been started
2014-11-26 09:27:44.140 [INFO ] [.service.AbstractActiveService] - IRtrans Refresh Service has been started
2014-11-26 09:27:47.355 [WARN ] [o.b.i.i.Iec6205621MeterBinding] - Empty or null configuration. Ignoring.
2014-11-26 09:27:48.740 [INFO ] [.service.AbstractActiveService] - NTP Refresh Service has been started
2014-11-26 09:27:51.081 [INFO ] [.service.AbstractActiveService] - Anel NET-PwrCtrl Service has been started
2014-11-26 09:27:51.808 [WARN ] [io.squeezeserver.SqueezeServer] - Empty or null configuration. Ignoring.
2014-11-26 09:27:54.985 [INFO ] [.service.AbstractActiveService] - VDR Monitor Service has been started
2014-11-26 09:27:56.376 [INFO ] [o.b.p.internal.PifaceActivator] - Piface binding has been started.
2014-11-26 09:28:01.039 [INFO ] [.service.AbstractActiveService] - NetworkHealth Refresh Service has been started
2014-11-26 09:28:19.864 [INFO ] [.b.t.internal.TellstickBinding] - Activate Thread[Component Resolve Thread (Bundle 98),10,main]
2014-11-26 09:28:20.018 [INFO ] [.b.t.internal.TellstickBinding] - Called with config null
2014-11-26 09:28:20.088 [INFO ] [.b.t.internal.TellstickBinding] - Loading telldus-core from system default paths
2014-11-26 09:28:20.116 [WARN ] [.b.t.internal.TellstickBinding] - Will do a reinit of listeners, no message received for 600 seconds
2014-11-26 09:28:20.164 [INFO ] [.b.t.internal.TellstickBinding] - Listeners removed
2014-11-26 09:28:20.312 [ERROR] [ellstickGenericBindingProvider] - Failed to remove telldus core listeners
java.lang.NullPointerException: null
	at org.openhab.binding.tellstick.internal.TellstickGenericBindingProvider.resetTellstickListener(TellstickGenericBindingProvider.java:152) ~[bundlefile:na]
	at org.openhab.binding.tellstick.internal.TellstickBinding.resetTelldusProvider(TellstickBinding.java:97) [bundlefile:na]
	at org.openhab.binding.tellstick.internal.TellstickBinding.resetTellstick(TellstickBinding.java:365) [bundlefile:na]
	at org.openhab.binding.tellstick.internal.TellstickBinding.updated(TellstickBinding.java:163) [bundlefile:na]
	at org.eclipse.equinox.internal.cm.ManagedServiceTracker$1.run(ManagedServiceTracker.java:183) [org.eclipse.equinox.cm_1.0.400.v20120522-1841.jar:na]
	at org.eclipse.equinox.internal.cm.SerializedTaskQueue$1.run(SerializedTaskQueue.java:36) [org.eclipse.equinox.cm_1.0.400.v20120522-1841.jar:na]
2014-11-26 09:28:33.228 [INFO ] [.b.s.internal.SamsungAcBinding] - active
2014-11-26 09:28:39.563 [INFO ] [.service.AbstractActiveService] - XBMC Refresh Service has been started
2014-11-26 09:28:45.582 [INFO ] [.w.i.api.WithingsAuthenticator] - #########################################################################################
2014-11-26 09:28:45.599 [INFO ] [.w.i.api.WithingsAuthenticator] - # Withings Binding needs authentication.
2014-11-26 09:28:45.606 [INFO ] [.w.i.api.WithingsAuthenticator] - # Execute 'withings:startAuthentication' on OSGi console.
2014-11-26 09:28:45.623 [INFO ] [.w.i.api.WithingsAuthenticator] - #########################################################################################
2014-11-26 09:28:47.152 [INFO ] [.service.AbstractActiveService] - HTTP Refresh Service has been started
2014-11-26 09:29:07.183 [INFO ] [.b.knx.internal.bus.KNXBinding] - Calimero library version 2.2.0-alpha
2014-11-26 09:29:11.875 [INFO ] [.service.AbstractActiveService] - SNMP Refresh Service has been started
2014-11-26 09:29:13.942 [INFO ] [.service.AbstractActiveService] - Exec Refresh Service has been started
2014-11-26 09:29:22.692 [ERROR] [o.o.c.s.ScriptExecutionThread ] - Error during the execution of rule 'Update max and min temperatures'
java.lang.NullPointerException: null
	at org.openhab.core.persistence.extensions.PersistenceExtensions.deltaSince(PersistenceExtensions.java:463) ~[na:na]
	at org.openhab.core.persistence.extensions.PersistenceExtensions.deltaSince(PersistenceExtensions.java:446) ~[na:na]
	at sun.reflect.NativeMethodAccessorImpl.invoke0(Native Method) ~[na:1.8.0]
	at sun.reflect.NativeMethodAccessorImpl.invoke(NativeMethodAccessorImpl.java:62) ~[na:1.8.0]
	at sun.reflect.DelegatingMethodAccessorImpl.invoke(DelegatingMethodAccessorImpl.java:43) ~[na:1.8.0]
	at java.lang.reflect.Method.invoke(Method.java:483) ~[na:1.8.0]
	at org.eclipse.xtext.xbase.interpreter.impl.XbaseInterpreter.invokeOperation(XbaseInterpreter.java:729) ~[na:na]
	at org.eclipse.xtext.xbase.interpreter.impl.XbaseInterpreter._featureCallOperation(XbaseInterpreter.java:713) ~[na:na]
	at sun.reflect.GeneratedMethodAccessor22.invoke(Unknown Source) ~[na:na]
	at sun.reflect.DelegatingMethodAccessorImpl.invoke(DelegatingMethodAccessorImpl.java:43) ~[na:1.8.0]
	at java.lang.reflect.Method.invoke(Method.java:483) ~[na:1.8.0]
	at org.eclipse.xtext.util.PolymorphicDispatcher.invoke(PolymorphicDispatcher.java:291) ~[na:na]
	at org.openhab.model.script.interpreter.ScriptInterpreter.internalFeatureCallDispatch(ScriptInterpreter.java:69) ~[na:na]
	at org.eclipse.xtext.xbase.interpreter.impl.XbaseInterpreter._evaluateMemberFeatureCall(XbaseInterpreter.java:549) ~[na:na]
	at sun.reflect.GeneratedMethodAccessor25.invoke(Unknown Source) ~[na:na]
	at sun.reflect.DelegatingMethodAccessorImpl.invoke(DelegatingMethodAccessorImpl.java:43) ~[na:1.8.0]
	at java.lang.reflect.Method.invoke(Method.java:483) ~[na:1.8.0]
	at org.eclipse.xtext.util.PolymorphicDispatcher.invoke(PolymorphicDispatcher.java:291) ~[na:na]
	at org.eclipse.xtext.xbase.interpreter.impl.XbaseInterpreter.internalEvaluate(XbaseInterpreter.java:218) ~[na:na]
	at org.eclipse.xtext.xbase.interpreter.impl.XbaseInterpreter._evaluateMemberFeatureCall(XbaseInterpreter.java:545) ~[na:na]
	at sun.reflect.GeneratedMethodAccessor25.invoke(Unknown Source) ~[na:na]
	at sun.reflect.DelegatingMethodAccessorImpl.invoke(DelegatingMethodAccessorImpl.java:43) ~[na:1.8.0]
	at java.lang.reflect.Method.invoke(Method.java:483) ~[na:1.8.0]
	at org.eclipse.xtext.util.PolymorphicDispatcher.invoke(PolymorphicDispatcher.java:291) ~[na:na]
	at org.eclipse.xtext.xbase.interpreter.impl.XbaseInterpreter.internalEvaluate(XbaseInterpreter.java:218) ~[na:na]
	at org.eclipse.xtext.xbase.interpreter.impl.XbaseInterpreter.evaluateArgumentExpressions(XbaseInterpreter.java:751) ~[na:na]
	at org.eclipse.xtext.xbase.interpreter.impl.XbaseInterpreter._featureCallOperation(XbaseInterpreter.java:712) ~[na:na]
	at sun.reflect.GeneratedMethodAccessor22.invoke(Unknown Source) ~[na:na]
	at sun.reflect.DelegatingMethodAccessorImpl.invoke(DelegatingMethodAccessorImpl.java:43) ~[na:1.8.0]
	at java.lang.reflect.Method.invoke(Method.java:483) ~[na:1.8.0]
	at org.eclipse.xtext.util.PolymorphicDispatcher.invoke(PolymorphicDispatcher.java:291) ~[na:na]
	at org.openhab.model.script.interpreter.ScriptInterpreter.internalFeatureCallDispatch(ScriptInterpreter.java:69) ~[na:na]
	at org.eclipse.xtext.xbase.interpreter.impl.XbaseInterpreter._evaluateAbstractFeatureCall(XbaseInterpreter.java:658) ~[na:na]
	at sun.reflect.GeneratedMethodAccessor20.invoke(Unknown Source) ~[na:na]
	at sun.reflect.DelegatingMethodAccessorImpl.invoke(DelegatingMethodAccessorImpl.java:43) ~[na:1.8.0]
	at java.lang.reflect.Method.invoke(Method.java:483) ~[na:1.8.0]
	at org.eclipse.xtext.util.PolymorphicDispatcher.invoke(PolymorphicDispatcher.java:291) ~[na:na]
	at org.eclipse.xtext.xbase.interpreter.impl.XbaseInterpreter.internalEvaluate(XbaseInterpreter.java:218) ~[na:na]
	at org.eclipse.xtext.xbase.interpreter.impl.XbaseInterpreter.evaluateArgumentExpressions(XbaseInterpreter.java:751) ~[na:na]
	at org.eclipse.xtext.xbase.interpreter.impl.XbaseInterpreter._featureCallOperation(XbaseInterpreter.java:712) ~[na:na]
	at sun.reflect.GeneratedMethodAccessor22.invoke(Unknown Source) ~[na:na]
	at sun.reflect.DelegatingMethodAccessorImpl.invoke(DelegatingMethodAccessorImpl.java:43) ~[na:1.8.0]
	at java.lang.reflect.Method.invoke(Method.java:483) ~[na:1.8.0]
	at org.eclipse.xtext.util.PolymorphicDispatcher.invoke(PolymorphicDispatcher.java:291) ~[na:na]
	at org.openhab.model.script.interpreter.ScriptInterpreter.internalFeatureCallDispatch(ScriptInterpreter.java:69) ~[na:na]
	at org.eclipse.xtext.xbase.interpreter.impl.XbaseInterpreter._evaluateAbstractFeatureCall(XbaseInterpreter.java:658) ~[na:na]
	at sun.reflect.GeneratedMethodAccessor20.invoke(Unknown Source) ~[na:na]
	at sun.reflect.DelegatingMethodAccessorImpl.invoke(DelegatingMethodAccessorImpl.java:43) ~[na:1.8.0]
	at java.lang.reflect.Method.invoke(Method.java:483) ~[na:1.8.0]
	at org.eclipse.xtext.util.PolymorphicDispatcher.invoke(PolymorphicDispatcher.java:291) ~[na:na]
	at org.eclipse.xtext.xbase.interpreter.impl.XbaseInterpreter.internalEvaluate(XbaseInterpreter.java:218) ~[na:na]
	at org.eclipse.xtext.xbase.interpreter.impl.XbaseInterpreter.evaluateArgumentExpressions(XbaseInterpreter.java:751) ~[na:na]
	at org.eclipse.xtext.xbase.interpreter.impl.XbaseInterpreter._featureCallOperation(XbaseInterpreter.java:712) ~[na:na]
	at sun.reflect.GeneratedMethodAccessor22.invoke(Unknown Source) ~[na:na]
	at sun.reflect.DelegatingMethodAccessorImpl.invoke(DelegatingMethodAccessorImpl.java:43) ~[na:1.8.0]
	at java.lang.reflect.Method.invoke(Method.java:483) ~[na:1.8.0]
	at org.eclipse.xtext.util.PolymorphicDispatcher.invoke(PolymorphicDispatcher.java:291) ~[na:na]
	at org.openhab.model.script.interpreter.ScriptInterpreter.internalFeatureCallDispatch(ScriptInterpreter.java:69) ~[na:na]
	at org.eclipse.xtext.xbase.interpreter.impl.XbaseInterpreter._evaluateAbstractFeatureCall(XbaseInterpreter.java:658) ~[na:na]
	at sun.reflect.GeneratedMethodAccessor20.invoke(Unknown Source) ~[na:na]
	at sun.reflect.DelegatingMethodAccessorImpl.invoke(DelegatingMethodAccessorImpl.java:43) ~[na:1.8.0]
	at java.lang.reflect.Method.invoke(Method.java:483) ~[na:1.8.0]
	at org.eclipse.xtext.util.PolymorphicDispatcher.invoke(PolymorphicDispatcher.java:291) ~[na:na]
	at org.eclipse.xtext.xbase.interpreter.impl.XbaseInterpreter.internalEvaluate(XbaseInterpreter.java:218) ~[na:na]
	at org.eclipse.xtext.xbase.interpreter.impl.XbaseInterpreter._evaluateBlockExpression(XbaseInterpreter.java:321) ~[na:na]
	at sun.reflect.NativeMethodAccessorImpl.invoke0(Native Method) ~[na:1.8.0]
	at sun.reflect.NativeMethodAccessorImpl.invoke(NativeMethodAccessorImpl.java:62) ~[na:1.8.0]
	at sun.reflect.DelegatingMethodAccessorImpl.invoke(DelegatingMethodAccessorImpl.java:43) ~[na:1.8.0]
	at java.lang.reflect.Method.invoke(Method.java:483) ~[na:1.8.0]
	at org.eclipse.xtext.util.PolymorphicDispatcher.invoke(PolymorphicDispatcher.java:291) ~[na:na]
	at org.eclipse.xtext.xbase.interpreter.impl.XbaseInterpreter.internalEvaluate(XbaseInterpreter.java:218) ~[na:na]
	at org.eclipse.xtext.xbase.interpreter.impl.XbaseInterpreter.evaluate(XbaseInterpreter.java:204) ~[na:na]
	at org.openhab.model.script.internal.engine.ScriptImpl.execute(ScriptImpl.java:59) ~[na:na]
	at org.openhab.core.scriptengine.ScriptExecutionThread.run(ScriptExecutionThread.java:44) ~[na:na]
2014-11-26 09:30:23.859 [INFO ] [penhab.io.rest.RESTApplication] - Stopped REST API
2014-11-26 09:30:28.160 [INFO ] [.o.u.w.i.servlet.WebAppServlet] - Stopped Classic UI
2014-11-26 09:30:28.296 [INFO ] [rg.openhab.io.cv.CVApplication] - Stopped CometVisu API
2014-11-26 09:30:30.618 [INFO ] [.b.sonos.internal.SonosBinding] - A non-Sonos device (Microsoft Corporation Windows Media Player Sharing 12.0) is found and will be ignored
2014-11-26 09:30:31.465 [INFO ] [.b.sonos.internal.SonosBinding] - A non-Sonos device (Linksys Inc. WPS X1) is found and will be ignored
2014-11-26 09:32:20.853 [INFO ] [.o.core.internal.CoreActivator] - openHAB runtime has been started (v1.6.0).
2014-11-26 09:32:44.500 [INFO ] [o.o.i.s.i.DiscoveryServiceImpl] - mDNS service has been started
2014-11-26 09:32:45.852 [INFO ] [o.o.i.s.i.DiscoveryServiceImpl] - Service Discovery initialization completed.
2014-11-26 09:32:48.793 [INFO ] [c.internal.ModelRepositoryImpl] - Loading model 'exec.persist'
2014-11-26 09:32:52.141 [INFO ] [c.internal.ModelRepositoryImpl] - Loading model 'logging.persist'
2014-11-26 09:32:52.615 [INFO ] [c.internal.ModelRepositoryImpl] - Loading model 'db4o.persist'
2014-11-26 09:32:52.862 [INFO ] [c.internal.ModelRepositoryImpl] - Loading model 'rrd4j.persist'
2014-11-26 09:32:53.609 [INFO ] [c.internal.ModelRepositoryImpl] - Loading model 'demo.items'
2014-11-26 09:33:19.603 [INFO ] [c.internal.ModelRepositoryImpl] - Loading model 'demo.sitemap'
2014-11-26 09:33:25.319 [INFO ] [c.internal.ModelRepositoryImpl] - Loading model 'demo.script'
2014-11-26 09:33:34.353 [INFO ] [penhab.io.rest.RESTApplication] - Started REST API at /rest
2014-11-26 09:33:40.476 [INFO ] [.o.u.w.i.servlet.WebAppServlet] - Started Classic UI at /openhab.app
2014-11-26 09:33:48.957 [INFO ] [c.internal.ModelRepositoryImpl] - Loading model 'demo.rules'
2014-11-26 09:34:35.718 [ERROR] [m.r.internal.engine.RuleEngine] - Error during the execution of startup rule 'Set random room temperatures': Could not invoke method: org.openhab.model.script.actions.BusEvent.postUpdate(org.openhab.core.items.Item,org.openhab.core.types.State) on instance: null
2014-11-26 09:34:37.872 [WARN ] [.o.c.p.e.PersistenceExtensions] - There is no queryable persistence service registered with the name 'rrd4j'
2014-11-26 09:34:37.884 [ERROR] [m.r.internal.engine.RuleEngine] - Error during the execution of startup rule 'Update max and min temperatures': cannot invoke method public abstract org.openhab.core.types.State org.openhab.core.persistence.HistoricItem.getState() on null
2014-11-26 09:34:38.330 [INFO ] [t.AbstractSocketChannelBinding] - The maximum buffer will be set to the default value of 1024
2014-11-26 09:34:38.355 [INFO ] [t.AbstractSocketChannelBinding] - The interval to retry connection setups will be set to the default value of 5
2014-11-26 09:34:38.396 [INFO ] [t.AbstractSocketChannelBinding] - The cron job to reset connections will be set to the default value of 0 0 0 * * ?
2014-11-26 09:34:38.408 [INFO ] [t.AbstractSocketChannelBinding] - The setting to queue write operation until a channel gets connected will be set to the default value of true
2014-11-26 09:34:38.415 [INFO ] [t.AbstractSocketChannelBinding] - The port to listen for incoming connections will be set to the default value of 0
2014-11-26 09:34:38.485 [INFO ] [t.AbstractSocketChannelBinding] - The setting to share channels within an Item will be set to the default value of true
2014-11-26 09:34:38.496 [INFO ] [t.AbstractSocketChannelBinding] - The setting to share channels between the items with the same direction will be set to the default value of true
2014-11-26 09:34:38.515 [INFO ] [t.AbstractSocketChannelBinding] - The setting to share channels between directions will be set to the default value of true
2014-11-26 09:34:38.565 [INFO ] [t.AbstractSocketChannelBinding] - The setting to use address masks for incoming connections will be set to the default value of true
2014-11-26 09:34:38.617 [INFO ] [t.protocol.internal.TCPBinding] - The maximum time out for blocking write operations will be set to the default vaulue of 3000
2014-11-26 09:34:38.621 [INFO ] [.service.AbstractActiveService] - TCP Refresh Service has been started
2014-11-26 09:34:38.657 [INFO ] [t.protocol.internal.TCPBinding] - The blocking nature of read/write operations will be set to the default vaulue of false
2014-11-26 09:34:38.665 [INFO ] [t.protocol.internal.TCPBinding] - The preamble for all write operations will be set to the default vaulue of 
2014-11-26 09:34:38.717 [INFO ] [t.protocol.internal.TCPBinding] - The postamble for all write operations will be set to the default vaulue of 

2014-11-26 09:34:38.758 [INFO ] [t.protocol.internal.TCPBinding] - Updating states with returned values will be set to the default vaulue of true
2014-11-26 09:34:38.765 [INFO ] [t.protocol.internal.TCPBinding] - The characterset will be set to the default vaulue of ASCII
2014-11-26 09:34:40.004 [WARN ] [.o.c.p.e.PersistenceExtensions] - There is no queryable persistence service registered with the name 'rrd4j'
2014-11-26 09:34:40.008 [WARN ] [.o.c.p.e.PersistenceExtensions] - There is no queryable persistence service registered with the name 'rrd4j'
2014-11-26 09:34:41.391 [ERROR] [b.b.i.BTDeviceDiscoveryService] - Error while initializing local bluetooth device.
javax.bluetooth.BluetoothStateException: BlueCove com.intel.bluetooth.BluetoothStackBlueZ|com.intel.bluetooth.BluetoothStackBlueZDBus not available
	at com.intel.bluetooth.BlueCoveImpl.loadStackClass(BlueCoveImpl.java:356) ~[na:na]
	at com.intel.bluetooth.BlueCoveImpl.detectStack(BlueCoveImpl.java:447) ~[na:na]
	at com.intel.bluetooth.BlueCoveImpl.access$500(BlueCoveImpl.java:69) ~[na:na]
	at com.intel.bluetooth.BlueCoveImpl$1.run(BlueCoveImpl.java:1044) ~[na:na]
	at java.security.AccessController.doPrivileged(Native Method) ~[na:1.8.0]
	at com.intel.bluetooth.BlueCoveImpl.detectStackPrivileged(BlueCoveImpl.java:1042) ~[na:na]
	at com.intel.bluetooth.BlueCoveImpl.getBluetoothStack(BlueCoveImpl.java:1035) ~[na:na]
	at javax.bluetooth.LocalDevice.getLocalDeviceInstance(LocalDevice.java:75) ~[na:na]
	at javax.bluetooth.LocalDevice.getLocalDevice(LocalDevice.java:95) ~[na:na]
	at org.openhab.binding.bluetooth.internal.BTDeviceDiscoveryService.run(BTDeviceDiscoveryService.java:113) ~[na:na]
2014-11-26 09:34:49.348 [INFO ] [rg.openhab.io.cv.CVApplication] - Started Cometvisu API at /services/cv
2014-11-26 09:34:55.131 [INFO ] [.service.AbstractActiveService] - Sonos Refresh Service has been started
2014-11-26 09:34:56.521 [INFO ] [.service.AbstractActiveService] - RME Refresh Service has been started
2014-11-26 09:34:58.217 [INFO ] [.b.sonos.internal.SonosBinding] - Querying the network for any other Sonos device
2014-11-26 09:34:59.333 [INFO ] [.service.AbstractActiveService] - FritzBox refresh Service has been started
2014-11-26 09:34:59.877 [INFO ] [.service.AbstractActiveService] - Oceanic Refresh Service has been started
2014-11-26 09:35:00.238 [WARN ] [.o.c.p.e.PersistenceExtensions] - There is no queryable persistence service registered with the name 'rrd4j'
2014-11-26 09:35:00.265 [WARN ] [.o.c.p.e.PersistenceExtensions] - There is no queryable persistence service registered with the name 'rrd4j'
2014-11-26 09:35:00.553 [ERROR] [.o.m.r.i.engine.ExecuteRuleJob] - Error during the execution of rule Set random room temperatures
java.lang.IllegalStateException: Could not invoke method: org.openhab.model.script.actions.BusEvent.postUpdate(org.openhab.core.items.Item,org.openhab.core.types.State) on instance: null
	at org.eclipse.xtext.xbase.interpreter.impl.XbaseInterpreter.invokeOperation(XbaseInterpreter.java:738) ~[na:na]
	at org.eclipse.xtext.xbase.interpreter.impl.XbaseInterpreter._featureCallOperation(XbaseInterpreter.java:713) ~[na:na]
	at sun.reflect.GeneratedMethodAccessor19.invoke(Unknown Source) ~[na:na]
	at sun.reflect.DelegatingMethodAccessorImpl.invoke(DelegatingMethodAccessorImpl.java:43) ~[na:1.8.0]
	at java.lang.reflect.Method.invoke(Method.java:483) ~[na:1.8.0]
	at org.eclipse.xtext.util.PolymorphicDispatcher.invoke(PolymorphicDispatcher.java:291) ~[na:na]
	at org.openhab.model.script.interpreter.ScriptInterpreter.internalFeatureCallDispatch(ScriptInterpreter.java:69) ~[na:na]
	at org.eclipse.xtext.xbase.interpreter.impl.XbaseInterpreter._evaluateAbstractFeatureCall(XbaseInterpreter.java:658) ~[na:na]
	at sun.reflect.GeneratedMethodAccessor18.invoke(Unknown Source) ~[na:na]
	at sun.reflect.DelegatingMethodAccessorImpl.invoke(DelegatingMethodAccessorImpl.java:43) ~[na:1.8.0]
	at java.lang.reflect.Method.invoke(Method.java:483) ~[na:1.8.0]
	at org.eclipse.xtext.util.PolymorphicDispatcher.invoke(PolymorphicDispatcher.java:291) ~[na:na]
	at org.eclipse.xtext.xbase.interpreter.impl.XbaseInterpreter.internalEvaluate(XbaseInterpreter.java:218) ~[na:na]
	at org.eclipse.xtext.xbase.interpreter.impl.XbaseInterpreter.evaluate(XbaseInterpreter.java:204) ~[na:na]
	at org.eclipse.xtext.xbase.interpreter.impl.ClosureInvocationHandler.doInvoke(ClosureInvocationHandler.java:46) ~[na:na]
	at org.eclipse.xtext.xbase.interpreter.impl.AbstractClosureInvocationHandler.invoke(AbstractClosureInvocationHandler.java:28) ~[na:na]
	at com.sun.proxy.$Proxy80.apply(Unknown Source) ~[na:na]
	at org.eclipse.xtext.xbase.lib.IterableExtensions.forEach(IterableExtensions.java:395) ~[na:na]
	at sun.reflect.NativeMethodAccessorImpl.invoke0(Native Method) ~[na:1.8.0]
	at sun.reflect.NativeMethodAccessorImpl.invoke(NativeMethodAccessorImpl.java:62) ~[na:1.8.0]
	at sun.reflect.DelegatingMethodAccessorImpl.invoke(DelegatingMethodAccessorImpl.java:43) ~[na:1.8.0]
	at java.lang.reflect.Method.invoke(Method.java:483) ~[na:1.8.0]
	at org.eclipse.xtext.xbase.interpreter.impl.XbaseInterpreter.invokeOperation(XbaseInterpreter.java:729) ~[na:na]
	at org.eclipse.xtext.xbase.interpreter.impl.XbaseInterpreter._featureCallOperation(XbaseInterpreter.java:713) ~[na:na]
	at sun.reflect.GeneratedMethodAccessor19.invoke(Unknown Source) ~[na:na]
	at sun.reflect.DelegatingMethodAccessorImpl.invoke(DelegatingMethodAccessorImpl.java:43) ~[na:1.8.0]
	at java.lang.reflect.Method.invoke(Method.java:483) ~[na:1.8.0]
	at org.eclipse.xtext.util.PolymorphicDispatcher.invoke(PolymorphicDispatcher.java:291) ~[na:na]
	at org.openhab.model.script.interpreter.ScriptInterpreter.internalFeatureCallDispatch(ScriptInterpreter.java:69) ~[na:na]
	at org.eclipse.xtext.xbase.interpreter.impl.XbaseInterpreter._evaluateMemberFeatureCall(XbaseInterpreter.java:549) ~[na:na]
	at sun.reflect.NativeMethodAccessorImpl.invoke0(Native Method) ~[na:1.8.0]
	at sun.reflect.NativeMethodAccessorImpl.invoke(NativeMethodAccessorImpl.java:62) ~[na:1.8.0]
	at sun.reflect.DelegatingMethodAccessorImpl.invoke(DelegatingMethodAccessorImpl.java:43) ~[na:1.8.0]
	at java.lang.reflect.Method.invoke(Method.java:483) ~[na:1.8.0]
	at org.eclipse.xtext.util.PolymorphicDispatcher.invoke(PolymorphicDispatcher.java:291) ~[na:na]
	at org.eclipse.xtext.xbase.interpreter.impl.XbaseInterpreter.internalEvaluate(XbaseInterpreter.java:218) ~[na:na]
	at org.eclipse.xtext.xbase.interpreter.impl.XbaseInterpreter._evaluateBlockExpression(XbaseInterpreter.java:321) ~[na:na]
	at sun.reflect.NativeMethodAccessorImpl.invoke0(Native Method) ~[na:1.8.0]
	at sun.reflect.NativeMethodAccessorImpl.invoke(NativeMethodAccessorImpl.java:62) ~[na:1.8.0]
	at sun.reflect.DelegatingMethodAccessorImpl.invoke(DelegatingMethodAccessorImpl.java:43) ~[na:1.8.0]
	at java.lang.reflect.Method.invoke(Method.java:483) ~[na:1.8.0]
	at org.eclipse.xtext.util.PolymorphicDispatcher.invoke(PolymorphicDispatcher.java:291) ~[na:na]
	at org.eclipse.xtext.xbase.interpreter.impl.XbaseInterpreter.internalEvaluate(XbaseInterpreter.java:218) ~[na:na]
	at org.eclipse.xtext.xbase.interpreter.impl.XbaseInterpreter.evaluate(XbaseInterpreter.java:204) ~[na:na]
	at org.openhab.model.script.internal.engine.ScriptImpl.execute(ScriptImpl.java:59) ~[na:na]
	at org.openhab.model.rule.internal.engine.ExecuteRuleJob.execute(ExecuteRuleJob.java:55) ~[na:na]
	at org.quartz.core.JobRunShell.run(JobRunShell.java:213) [quartz-all-2.1.7.jar:na]
	at org.quartz.simpl.SimpleThreadPool$WorkerThread.run(SimpleThreadPool.java:557) [quartz-all-2.1.7.jar:na]
Caused by: java.lang.IllegalArgumentException: java.lang.ClassCastException@1ee2c23
	at sun.reflect.GeneratedMethodAccessor25.invoke(Unknown Source) ~[na:na]
	at sun.reflect.DelegatingMethodAccessorImpl.invoke(DelegatingMethodAccessorImpl.java:43) ~[na:1.8.0]
	at java.lang.reflect.Method.invoke(Method.java:483) ~[na:1.8.0]
	at org.eclipse.xtext.xbase.interpreter.impl.XbaseInterpreter.invokeOperation(XbaseInterpreter.java:729) ~[na:na]
	... 47 common frames omitted
2014-11-26 09:35:01.509 [INFO ] [.service.AbstractActiveService] - HDanywhere Refresh Service has been started
2014-11-26 09:35:12.066 [ERROR] [o.o.c.s.ScriptExecutionThread ] - Error during the execution of rule 'Compute humidex': Cannot cast org.openhab.core.types.UnDefType to org.openhab.core.library.types.DecimalType
2014-11-26 09:35:12.109 [ERROR] [o.o.c.s.ScriptExecutionThread ] - Error during the execution of rule 'Update max and min temperatures'
java.lang.NullPointerException: null
	at org.openhab.core.persistence.extensions.PersistenceExtensions.deltaSince(PersistenceExtensions.java:463) ~[na:na]
	at org.openhab.core.persistence.extensions.PersistenceExtensions.deltaSince(PersistenceExtensions.java:446) ~[na:na]
	at sun.reflect.NativeMethodAccessorImpl.invoke0(Native Method) ~[na:1.8.0]
	at sun.reflect.NativeMethodAccessorImpl.invoke(NativeMethodAccessorImpl.java:62) ~[na:1.8.0]
	at sun.reflect.DelegatingMethodAccessorImpl.invoke(DelegatingMethodAccessorImpl.java:43) ~[na:1.8.0]
	at java.lang.reflect.Method.invoke(Method.java:483) ~[na:1.8.0]
	at org.eclipse.xtext.xbase.interpreter.impl.XbaseInterpreter.invokeOperation(XbaseInterpreter.java:729) ~[na:na]
	at org.eclipse.xtext.xbase.interpreter.impl.XbaseInterpreter._featureCallOperation(XbaseInterpreter.java:713) ~[na:na]
	at sun.reflect.GeneratedMethodAccessor19.invoke(Unknown Source) ~[na:na]
	at sun.reflect.DelegatingMethodAccessorImpl.invoke(DelegatingMethodAccessorImpl.java:43) ~[na:1.8.0]
	at java.lang.reflect.Method.invoke(Method.java:483) ~[na:1.8.0]
	at org.eclipse.xtext.util.PolymorphicDispatcher.invoke(PolymorphicDispatcher.java:291) ~[na:na]
	at org.openhab.model.script.interpreter.ScriptInterpreter.internalFeatureCallDispatch(ScriptInterpreter.java:69) ~[na:na]
	at org.eclipse.xtext.xbase.interpreter.impl.XbaseInterpreter._evaluateMemberFeatureCall(XbaseInterpreter.java:549) ~[na:na]
	at sun.reflect.GeneratedMethodAccessor33.invoke(Unknown Source) ~[na:na]
	at sun.reflect.DelegatingMethodAccessorImpl.invoke(DelegatingMethodAccessorImpl.java:43) ~[na:1.8.0]
	at java.lang.reflect.Method.invoke(Method.java:483) ~[na:1.8.0]
	at org.eclipse.xtext.util.PolymorphicDispatcher.invoke(PolymorphicDispatcher.java:291) ~[na:na]
	at org.eclipse.xtext.xbase.interpreter.impl.XbaseInterpreter.internalEvaluate(XbaseInterpreter.java:218) ~[na:na]
	at org.eclipse.xtext.xbase.interpreter.impl.XbaseInterpreter._evaluateMemberFeatureCall(XbaseInterpreter.java:545) ~[na:na]
	at sun.reflect.GeneratedMethodAccessor33.invoke(Unknown Source) ~[na:na]
	at sun.reflect.DelegatingMethodAccessorImpl.invoke(DelegatingMethodAccessorImpl.java:43) ~[na:1.8.0]
	at java.lang.reflect.Method.invoke(Method.java:483) ~[na:1.8.0]
	at org.eclipse.xtext.util.PolymorphicDispatcher.invoke(PolymorphicDispatcher.java:291) ~[na:na]
	at org.eclipse.xtext.xbase.interpreter.impl.XbaseInterpreter.internalEvaluate(XbaseInterpreter.java:218) ~[na:na]
	at org.eclipse.xtext.xbase.interpreter.impl.XbaseInterpreter.evaluateArgumentExpressions(XbaseInterpreter.java:751) ~[na:na]
	at org.eclipse.xtext.xbase.interpreter.impl.XbaseInterpreter._featureCallOperation(XbaseInterpreter.java:712) ~[na:na]
	at sun.reflect.GeneratedMethodAccessor19.invoke(Unknown Source) ~[na:na]
	at sun.reflect.DelegatingMethodAccessorImpl.invoke(DelegatingMethodAccessorImpl.java:43) ~[na:1.8.0]
	at java.lang.reflect.Method.invoke(Method.java:483) ~[na:1.8.0]
	at org.eclipse.xtext.util.PolymorphicDispatcher.invoke(PolymorphicDispatcher.java:291) ~[na:na]
	at org.openhab.model.script.interpreter.ScriptInterpreter.internalFeatureCallDispatch(ScriptInterpreter.java:69) ~[na:na]
	at org.eclipse.xtext.xbase.interpreter.impl.XbaseInterpreter._evaluateAbstractFeatureCall(XbaseInterpreter.java:658) ~[na:na]
	at sun.reflect.GeneratedMethodAccessor18.invoke(Unknown Source) ~[na:na]
	at sun.reflect.DelegatingMethodAccessorImpl.invoke(DelegatingMethodAccessorImpl.java:43) ~[na:1.8.0]
	at java.lang.reflect.Method.invoke(Method.java:483) ~[na:1.8.0]
	at org.eclipse.xtext.util.PolymorphicDispatcher.invoke(PolymorphicDispatcher.java:291) ~[na:na]
	at org.eclipse.xtext.xbase.interpreter.impl.XbaseInterpreter.internalEvaluate(XbaseInterpreter.java:218) ~[na:na]
	at org.eclipse.xtext.xbase.interpreter.impl.XbaseInterpreter.evaluateArgumentExpressions(XbaseInterpreter.java:751) ~[na:na]
	at org.eclipse.xtext.xbase.interpreter.impl.XbaseInterpreter._featureCallOperation(XbaseInterpreter.java:712) ~[na:na]
	at sun.reflect.GeneratedMethodAccessor19.invoke(Unknown Source) ~[na:na]
	at sun.reflect.DelegatingMethodAccessorImpl.invoke(DelegatingMethodAccessorImpl.java:43) ~[na:1.8.0]
	at java.lang.reflect.Method.invoke(Method.java:483) ~[na:1.8.0]
	at org.eclipse.xtext.util.PolymorphicDispatcher.invoke(PolymorphicDispatcher.java:291) ~[na:na]
	at org.openhab.model.script.interpreter.ScriptInterpreter.internalFeatureCallDispatch(ScriptInterpreter.java:69) ~[na:na]
	at org.eclipse.xtext.xbase.interpreter.impl.XbaseInterpreter._evaluateAbstractFeatureCall(XbaseInterpreter.java:658) ~[na:na]
	at sun.reflect.GeneratedMethodAccessor18.invoke(Unknown Source) ~[na:na]
	at sun.reflect.DelegatingMethodAccessorImpl.invoke(DelegatingMethodAccessorImpl.java:43) ~[na:1.8.0]
	at java.lang.reflect.Method.invoke(Method.java:483) ~[na:1.8.0]
	at org.eclipse.xtext.util.PolymorphicDispatcher.invoke(PolymorphicDispatcher.java:291) ~[na:na]
	at org.eclipse.xtext.xbase.interpreter.impl.XbaseInterpreter.internalEvaluate(XbaseInterpreter.java:218) ~[na:na]
	at org.eclipse.xtext.xbase.interpreter.impl.XbaseInterpreter.evaluateArgumentExpressions(XbaseInterpreter.java:751) ~[na:na]
	at org.eclipse.xtext.xbase.interpreter.impl.XbaseInterpreter._featureCallOperation(XbaseInterpreter.java:712) ~[na:na]
	at sun.reflect.GeneratedMethodAccessor19.invoke(Unknown Source) ~[na:na]
	at sun.reflect.DelegatingMethodAccessorImpl.invoke(DelegatingMethodAccessorImpl.java:43) ~[na:1.8.0]
	at java.lang.reflect.Method.invoke(Method.java:483) ~[na:1.8.0]
	at org.eclipse.xtext.util.PolymorphicDispatcher.invoke(PolymorphicDispatcher.java:291) ~[na:na]
	at org.openhab.model.script.interpreter.ScriptInterpreter.internalFeatureCallDispatch(ScriptInterpreter.java:69) ~[na:na]
	at org.eclipse.xtext.xbase.interpreter.impl.XbaseInterpreter._evaluateAbstractFeatureCall(XbaseInterpreter.java:658) ~[na:na]
	at sun.reflect.GeneratedMethodAccessor18.invoke(Unknown Source) ~[na:na]
	at sun.reflect.DelegatingMethodAccessorImpl.invoke(DelegatingMethodAccessorImpl.java:43) ~[na:1.8.0]
	at java.lang.reflect.Method.invoke(Method.java:483) ~[na:1.8.0]
	at org.eclipse.xtext.util.PolymorphicDispatcher.invoke(PolymorphicDispatcher.java:291) ~[na:na]
	at org.eclipse.xtext.xbase.interpreter.impl.XbaseInterpreter.internalEvaluate(XbaseInterpreter.java:218) ~[na:na]
	at org.eclipse.xtext.xbase.interpreter.impl.XbaseInterpreter._evaluateBlockExpression(XbaseInterpreter.java:321) ~[na:na]
	at sun.reflect.NativeMethodAccessorImpl.invoke0(Native Method) ~[na:1.8.0]
	at sun.reflect.NativeMethodAccessorImpl.invoke(NativeMethodAccessorImpl.java:62) ~[na:1.8.0]
	at sun.reflect.DelegatingMethodAccessorImpl.invoke(DelegatingMethodAccessorImpl.java:43) ~[na:1.8.0]
	at java.lang.reflect.Method.invoke(Method.java:483) ~[na:1.8.0]
	at org.eclipse.xtext.util.PolymorphicDispatcher.invoke(PolymorphicDispatcher.java:291) ~[na:na]
	at org.eclipse.xtext.xbase.interpreter.impl.XbaseInterpreter.internalEvaluate(XbaseInterpreter.java:218) ~[na:na]
	at org.eclipse.xtext.xbase.interpreter.impl.XbaseInterpreter.evaluate(XbaseInterpreter.java:204) ~[na:na]
	at org.openhab.model.script.internal.engine.ScriptImpl.execute(ScriptImpl.java:59) ~[na:na]
	at org.openhab.core.scriptengine.ScriptExecutionThread.run(ScriptExecutionThread.java:44) ~[na:na]
2014-11-26 09:35:12.342 [INFO ] [.service.AbstractActiveService] - Wemo Refresh Service has been started
2014-11-26 09:35:12.673 [INFO ] [.service.AbstractActiveService] - VDR Monitor Service has been started
2014-11-26 09:35:14.270 [INFO ] [.service.AbstractActiveService] - NetworkHealth Refresh Service has been started
2014-11-26 09:35:14.534 [WARN ] [o.b.i.i.Iec6205621MeterBinding] - Empty or null configuration. Ignoring.
2014-11-26 09:35:15.275 [INFO ] [.service.AbstractActiveService] - Anel NET-PwrCtrl Service has been started
2014-11-26 09:35:19.484 [INFO ] [insteonplm.InsteonPLMActivator] - Insteon PLM binding has been started.
2014-11-26 09:35:20.560 [WARN ] [io.squeezeserver.SqueezeServer] - Empty or null configuration. Ignoring.
2014-11-26 09:35:21.396 [INFO ] [.b.k8055.internal.k8055Binding] - No config supplied - using default values
2014-11-26 09:35:29.425 [INFO ] [.service.AbstractActiveService] - IRtrans Refresh Service has been started
2014-11-26 09:35:30.058 [INFO ] [.w.i.api.WithingsAuthenticator] - #########################################################################################
2014-11-26 09:35:30.068 [INFO ] [.w.i.api.WithingsAuthenticator] - # Withings Binding needs authentication.
2014-11-26 09:35:30.082 [INFO ] [.w.i.api.WithingsAuthenticator] - # Execute 'withings:startAuthentication' on OSGi console.
2014-11-26 09:35:30.105 [INFO ] [.w.i.api.WithingsAuthenticator] - #########################################################################################
2014-11-26 09:35:38.404 [INFO ] [.service.AbstractActiveService] - HTTP Refresh Service has been started
2014-11-26 09:35:39.909 [INFO ] [.service.AbstractActiveService] - SNMP Refresh Service has been started
2014-11-26 09:35:41.131 [INFO ] [.service.AbstractActiveService] - Exec Refresh Service has been started
2014-11-26 09:35:49.593 [INFO ] [.b.t.internal.TellstickBinding] - Activate Thread[Component Resolve Thread (Bundle 98),10,main]
2014-11-26 09:35:57.910 [INFO ] [.b.knx.internal.bus.KNXBinding] - Calimero library version 2.2.0-alpha
2014-11-26 09:36:05.373 [INFO ] [o.b.p.internal.PifaceActivator] - Piface binding has been started.
2014-11-26 09:36:25.343 [INFO ] [.b.s.internal.SamsungAcBinding] - active
2014-11-26 09:36:46.028 [INFO ] [.service.AbstractActiveService] - XBMC Refresh Service has been started
2014-11-26 09:38:00.818 [INFO ] [.b.sonos.internal.SonosBinding] - A non-Sonos device (Microsoft Corporation Windows Media Player Sharing 12.0) is found and will be ignored
2014-11-26 09:39:41.356 [WARN ] [c.b.xml.DeviceDescriptorBinder] - Wrong XML namespace declared on root element: http://schemas.xmlsoap.org/soap/envelope/
2014-11-26 09:39:41.413 [WARN ] [.c.p.RetrieveRemoteDescriptors] - Could not hydrate device or its services from descriptor: (RemoteDevice) Identity: (RemoteDeviceIdentity) UDN: uuid:E5962F3D-5D85-016D-8577-F0705A02A234, Descriptor: http://192.168.1.1/HNAP1/, Root: true
2014-11-26 09:39:41.566 [WARN ] [.c.p.RetrieveRemoteDescriptors] - Cause was: org.teleal.cling.binding.xml.DescriptorBindingException: Root element name is not <root>: soap:Envelope
2014-11-26 09:39:42.135 [INFO ] [.b.sonos.internal.SonosBinding] - A non-Sonos device (Linksys Inc. WPS X1) is found and will be ignored
2014-11-26 09:39:43.982 [INFO ] [.b.sonos.internal.SonosBinding] - A non-Sonos device (Cisco Linksys Series Router E4200) is found and will be ignored
2014-11-26 09:40:02.030 [ERROR] [.o.m.r.i.engine.ExecuteRuleJob] - Error during the execution of rule Set random room temperatures
java.lang.IllegalStateException: Could not invoke method: org.openhab.model.script.actions.BusEvent.postUpdate(org.openhab.core.items.Item,org.openhab.core.types.State) on instance: null
	at org.eclipse.xtext.xbase.interpreter.impl.XbaseInterpreter.invokeOperation(XbaseInterpreter.java:738) ~[na:na]
	at org.eclipse.xtext.xbase.interpreter.impl.XbaseInterpreter._featureCallOperation(XbaseInterpreter.java:713) ~[na:na]
	at sun.reflect.GeneratedMethodAccessor19.invoke(Unknown Source) ~[na:na]
	at sun.reflect.DelegatingMethodAccessorImpl.invoke(DelegatingMethodAccessorImpl.java:43) ~[na:1.8.0]
	at java.lang.reflect.Method.invoke(Method.java:483) ~[na:1.8.0]
	at org.eclipse.xtext.util.PolymorphicDispatcher.invoke(PolymorphicDispatcher.java:291) ~[na:na]
	at org.openhab.model.script.interpreter.ScriptInterpreter.internalFeatureCallDispatch(ScriptInterpreter.java:69) ~[na:na]
	at org.eclipse.xtext.xbase.interpreter.impl.XbaseInterpreter._evaluateAbstractFeatureCall(XbaseInterpreter.java:658) ~[na:na]
	at sun.reflect.GeneratedMethodAccessor18.invoke(Unknown Source) ~[na:na]
	at sun.reflect.DelegatingMethodAccessorImpl.invoke(DelegatingMethodAccessorImpl.java:43) ~[na:1.8.0]
	at java.lang.reflect.Method.invoke(Method.java:483) ~[na:1.8.0]
	at org.eclipse.xtext.util.PolymorphicDispatcher.invoke(PolymorphicDispatcher.java:291) ~[na:na]
	at org.eclipse.xtext.xbase.interpreter.impl.XbaseInterpreter.internalEvaluate(XbaseInterpreter.java:218) ~[na:na]
	at org.eclipse.xtext.xbase.interpreter.impl.XbaseInterpreter.evaluate(XbaseInterpreter.java:204) ~[na:na]
	at org.eclipse.xtext.xbase.interpreter.impl.ClosureInvocationHandler.doInvoke(ClosureInvocationHandler.java:46) ~[na:na]
	at org.eclipse.xtext.xbase.interpreter.impl.AbstractClosureInvocationHandler.invoke(AbstractClosureInvocationHandler.java:28) ~[na:na]
	at com.sun.proxy.$Proxy80.apply(Unknown Source) ~[na:na]
	at org.eclipse.xtext.xbase.lib.IterableExtensions.forEach(IterableExtensions.java:395) ~[na:na]
	at sun.reflect.NativeMethodAccessorImpl.invoke0(Native Method) ~[na:1.8.0]
	at sun.reflect.NativeMethodAccessorImpl.invoke(NativeMethodAccessorImpl.java:62) ~[na:1.8.0]
	at sun.reflect.DelegatingMethodAccessorImpl.invoke(DelegatingMethodAccessorImpl.java:43) ~[na:1.8.0]
	at java.lang.reflect.Method.invoke(Method.java:483) ~[na:1.8.0]
	at org.eclipse.xtext.xbase.interpreter.impl.XbaseInterpreter.invokeOperation(XbaseInterpreter.java:729) ~[na:na]
	at org.eclipse.xtext.xbase.interpreter.impl.XbaseInterpreter._featureCallOperation(XbaseInterpreter.java:713) ~[na:na]
	at sun.reflect.GeneratedMethodAccessor19.invoke(Unknown Source) ~[na:na]
	at sun.reflect.DelegatingMethodAccessorImpl.invoke(DelegatingMethodAccessorImpl.java:43) ~[na:1.8.0]
	at java.lang.reflect.Method.invoke(Method.java:483) ~[na:1.8.0]
	at org.eclipse.xtext.util.PolymorphicDispatcher.invoke(PolymorphicDispatcher.java:291) ~[na:na]
	at org.openhab.model.script.interpreter.ScriptInterpreter.internalFeatureCallDispatch(ScriptInterpreter.java:69) ~[na:na]
	at org.eclipse.xtext.xbase.interpreter.impl.XbaseInterpreter._evaluateMemberFeatureCall(XbaseInterpreter.java:549) ~[na:na]
	at sun.reflect.GeneratedMethodAccessor33.invoke(Unknown Source) ~[na:na]
	at sun.reflect.DelegatingMethodAccessorImpl.invoke(DelegatingMethodAccessorImpl.java:43) ~[na:1.8.0]
	at java.lang.reflect.Method.invoke(Method.java:483) ~[na:1.8.0]
	at org.eclipse.xtext.util.PolymorphicDispatcher.invoke(PolymorphicDispatcher.java:291) ~[na:na]
	at org.eclipse.xtext.xbase.interpreter.impl.XbaseInterpreter.internalEvaluate(XbaseInterpreter.java:218) ~[na:na]
	at org.eclipse.xtext.xbase.interpreter.impl.XbaseInterpreter._evaluateBlockExpression(XbaseInterpreter.java:321) ~[na:na]
	at sun.reflect.GeneratedMethodAccessor46.invoke(Unknown Source) ~[na:na]
	at sun.reflect.DelegatingMethodAccessorImpl.invoke(DelegatingMethodAccessorImpl.java:43) ~[na:1.8.0]
	at java.lang.reflect.Method.invoke(Method.java:483) ~[na:1.8.0]
	at org.eclipse.xtext.util.PolymorphicDispatcher.invoke(PolymorphicDispatcher.java:291) ~[na:na]
	at org.eclipse.xtext.xbase.interpreter.impl.XbaseInterpreter.internalEvaluate(XbaseInterpreter.java:218) ~[na:na]
	at org.eclipse.xtext.xbase.interpreter.impl.XbaseInterpreter.evaluate(XbaseInterpreter.java:204) ~[na:na]
	at org.openhab.model.script.internal.engine.ScriptImpl.execute(ScriptImpl.java:59) ~[na:na]
	at org.openhab.model.rule.internal.engine.ExecuteRuleJob.execute(ExecuteRuleJob.java:55) ~[na:na]
	at org.quartz.core.JobRunShell.run(JobRunShell.java:213) [quartz-all-2.1.7.jar:na]
	at org.quartz.simpl.SimpleThreadPool$WorkerThread.run(SimpleThreadPool.java:557) [quartz-all-2.1.7.jar:na]
Caused by: java.lang.IllegalArgumentException: java.lang.ClassCastException@e668fd
	at sun.reflect.GeneratedMethodAccessor25.invoke(Unknown Source) ~[na:na]
	at sun.reflect.DelegatingMethodAccessorImpl.invoke(DelegatingMethodAccessorImpl.java:43) ~[na:1.8.0]
	at java.lang.reflect.Method.invoke(Method.java:483) ~[na:1.8.0]
	at org.eclipse.xtext.xbase.interpreter.impl.XbaseInterpreter.invokeOperation(XbaseInterpreter.java:729) ~[na:na]
	... 45 common frames omitted
2014-11-26 09:40:35.599 [WARN ] [c.b.xml.DeviceDescriptorBinder] - Wrong XML namespace declared on root element: http://schemas.xmlsoap.org/soap/envelope/
2014-11-26 09:40:35.667 [WARN ] [.c.p.RetrieveRemoteDescriptors] - Could not hydrate device or its services from descriptor: (RemoteDevice) Identity: (RemoteDeviceIdentity) UDN: uuid:E5962F3D-5D85-016D-8577-F0705A02A234, Descriptor: http://192.168.1.1/HNAP1/, Root: true
2014-11-26 09:40:35.727 [WARN ] [.c.p.RetrieveRemoteDescriptors] - Cause was: org.teleal.cling.binding.xml.DescriptorBindingException: Root element name is not <root>: soap:Envelope
2014-11-26 09:41:30.552 [WARN ] [c.b.xml.DeviceDescriptorBinder] - Wrong XML namespace declared on root element: http://schemas.xmlsoap.org/soap/envelope/
2014-11-26 09:41:30.558 [WARN ] [c.b.xml.DeviceDescriptorBinder] - Wrong XML namespace declared on root element: http://schemas.xmlsoap.org/soap/envelope/
2014-11-26 09:41:30.580 [WARN ] [.c.p.RetrieveRemoteDescriptors] - Could not hydrate device or its services from descriptor: (RemoteDevice) Identity: (RemoteDeviceIdentity) UDN: uuid:E5962F3D-5D85-016D-8577-F0705A02A234, Descriptor: http://192.168.1.1/HNAP1/, Root: true
2014-11-26 09:41:30.584 [WARN ] [.c.p.RetrieveRemoteDescriptors] - Could not hydrate device or its services from descriptor: (RemoteDevice) Identity: (RemoteDeviceIdentity) UDN: uuid:E5962F3D-5D85-016D-8577-F0705A02A234, Descriptor: http://192.168.1.1/HNAP1/, Root: true
2014-11-26 09:41:30.628 [WARN ] [.c.p.RetrieveRemoteDescriptors] - Cause was: org.teleal.cling.binding.xml.DescriptorBindingException: Root element name is not <root>: soap:Envelope
2014-11-26 09:41:30.650 [WARN ] [.c.p.RetrieveRemoteDescriptors] - Cause was: org.teleal.cling.binding.xml.DescriptorBindingException: Root element name is not <root>: soap:Envelope
2014-11-26 09:43:20.207 [WARN ] [c.b.xml.DeviceDescriptorBinder] - Wrong XML namespace declared on root element: http://schemas.xmlsoap.org/soap/envelope/
2014-11-26 09:43:20.236 [WARN ] [.c.p.RetrieveRemoteDescriptors] - Could not hydrate device or its services from descriptor: (RemoteDevice) Identity: (RemoteDeviceIdentity) UDN: uuid:E5962F3D-5D85-016D-8577-F0705A02A234, Descriptor: http://192.168.1.1/HNAP1/, Root: true
2014-11-26 09:43:20.269 [WARN ] [.c.p.RetrieveRemoteDescriptors] - Cause was: org.teleal.cling.binding.xml.DescriptorBindingException: Root element name is not <root>: soap:Envelope
2014-11-26 09:43:21.523 [INFO ] [.b.sonos.internal.SonosBinding] - A non-Sonos device (Cisco Linksys Series Router E4200) is found and will be ignored
2014-11-26 09:44:15.343 [WARN ] [c.b.xml.DeviceDescriptorBinder] - Wrong XML namespace declared on root element: http://schemas.xmlsoap.org/soap/envelope/
2014-11-26 09:44:15.368 [WARN ] [.c.p.RetrieveRemoteDescriptors] - Could not hydrate device or its services from descriptor: (RemoteDevice) Identity: (RemoteDeviceIdentity) UDN: uuid:E5962F3D-5D85-016D-8577-F0705A02A234, Descriptor: http://192.168.1.1/HNAP1/, Root: true
2014-11-26 09:44:15.406 [WARN ] [.c.p.RetrieveRemoteDescriptors] - Cause was: org.teleal.cling.binding.xml.DescriptorBindingException: Root element name is not <root>: soap:Envelope
2014-11-26 09:44:15.676 [INFO ] [.b.sonos.internal.SonosBinding] - A non-Sonos device (Linksys Inc. WPS X1) is found and will be ignored
2014-11-26 09:45:02.257 [ERROR] [.o.m.r.i.engine.ExecuteRuleJob] - Error during the execution of rule Set random room temperatures
java.lang.IllegalStateException: Could not invoke method: org.openhab.model.script.actions.BusEvent.postUpdate(org.openhab.core.items.Item,org.openhab.core.types.State) on instance: null
	at org.eclipse.xtext.xbase.interpreter.impl.XbaseInterpreter.invokeOperation(XbaseInterpreter.java:738) ~[na:na]
	at org.eclipse.xtext.xbase.interpreter.impl.XbaseInterpreter._featureCallOperation(XbaseInterpreter.java:713) ~[na:na]
	at sun.reflect.GeneratedMethodAccessor19.invoke(Unknown Source) ~[na:na]
	at sun.reflect.DelegatingMethodAccessorImpl.invoke(DelegatingMethodAccessorImpl.java:43) ~[na:1.8.0]
	at java.lang.reflect.Method.invoke(Method.java:483) ~[na:1.8.0]
	at org.eclipse.xtext.util.PolymorphicDispatcher.invoke(PolymorphicDispatcher.java:291) ~[na:na]
	at org.openhab.model.script.interpreter.ScriptInterpreter.internalFeatureCallDispatch(ScriptInterpreter.java:69) ~[na:na]
	at org.eclipse.xtext.xbase.interpreter.impl.XbaseInterpreter._evaluateAbstractFeatureCall(XbaseInterpreter.java:658) ~[na:na]
	at sun.reflect.GeneratedMethodAccessor18.invoke(Unknown Source) ~[na:na]
	at sun.reflect.DelegatingMethodAccessorImpl.invoke(DelegatingMethodAccessorImpl.java:43) ~[na:1.8.0]
	at java.lang.reflect.Method.invoke(Method.java:483) ~[na:1.8.0]
	at org.eclipse.xtext.util.PolymorphicDispatcher.invoke(PolymorphicDispatcher.java:291) ~[na:na]
	at org.eclipse.xtext.xbase.interpreter.impl.XbaseInterpreter.internalEvaluate(XbaseInterpreter.java:218) ~[na:na]
	at org.eclipse.xtext.xbase.interpreter.impl.XbaseInterpreter.evaluate(XbaseInterpreter.java:204) ~[na:na]
	at org.eclipse.xtext.xbase.interpreter.impl.ClosureInvocationHandler.doInvoke(ClosureInvocationHandler.java:46) ~[na:na]
	at org.eclipse.xtext.xbase.interpreter.impl.AbstractClosureInvocationHandler.invoke(AbstractClosureInvocationHandler.java:28) ~[na:na]
	at com.sun.proxy.$Proxy80.apply(Unknown Source) ~[na:na]
	at org.eclipse.xtext.xbase.lib.IterableExtensions.forEach(IterableExtensions.java:395) ~[na:na]
	at sun.reflect.NativeMethodAccessorImpl.invoke0(Native Method) ~[na:1.8.0]
	at sun.reflect.NativeMethodAccessorImpl.invoke(NativeMethodAccessorImpl.java:62) ~[na:1.8.0]
	at sun.reflect.DelegatingMethodAccessorImpl.invoke(DelegatingMethodAccessorImpl.java:43) ~[na:1.8.0]
	at java.lang.reflect.Method.invoke(Method.java:483) ~[na:1.8.0]
	at org.eclipse.xtext.xbase.interpreter.impl.XbaseInterpreter.invokeOperation(XbaseInterpreter.java:729) ~[na:na]
	at org.eclipse.xtext.xbase.interpreter.impl.XbaseInterpreter._featureCallOperation(XbaseInterpreter.java:713) ~[na:na]
	at sun.reflect.GeneratedMethodAccessor19.invoke(Unknown Source) ~[na:na]
	at sun.reflect.DelegatingMethodAccessorImpl.invoke(DelegatingMethodAccessorImpl.java:43) ~[na:1.8.0]
	at java.lang.reflect.Method.invoke(Method.java:483) ~[na:1.8.0]
	at org.eclipse.xtext.util.PolymorphicDispatcher.invoke(PolymorphicDispatcher.java:291) ~[na:na]
	at org.openhab.model.script.interpreter.ScriptInterpreter.internalFeatureCallDispatch(ScriptInterpreter.java:69) ~[na:na]
	at org.eclipse.xtext.xbase.interpreter.impl.XbaseInterpreter._evaluateMemberFeatureCall(XbaseInterpreter.java:549) ~[na:na]
	at sun.reflect.GeneratedMethodAccessor33.invoke(Unknown Source) ~[na:na]
	at sun.reflect.DelegatingMethodAccessorImpl.invoke(DelegatingMethodAccessorImpl.java:43) ~[na:1.8.0]
	at java.lang.reflect.Method.invoke(Method.java:483) ~[na:1.8.0]
	at org.eclipse.xtext.util.PolymorphicDispatcher.invoke(PolymorphicDispatcher.java:291) ~[na:na]
	at org.eclipse.xtext.xbase.interpreter.impl.XbaseInterpreter.internalEvaluate(XbaseInterpreter.java:218) ~[na:na]
	at org.eclipse.xtext.xbase.interpreter.impl.XbaseInterpreter._evaluateBlockExpression(XbaseInterpreter.java:321) ~[na:na]
	at sun.reflect.GeneratedMethodAccessor46.invoke(Unknown Source) ~[na:na]
	at sun.reflect.DelegatingMethodAccessorImpl.invoke(DelegatingMethodAccessorImpl.java:43) ~[na:1.8.0]
	at java.lang.reflect.Method.invoke(Method.java:483) ~[na:1.8.0]
	at org.eclipse.xtext.util.PolymorphicDispatcher.invoke(PolymorphicDispatcher.java:291) ~[na:na]
	at org.eclipse.xtext.xbase.interpreter.impl.XbaseInterpreter.internalEvaluate(XbaseInterpreter.java:218) ~[na:na]
	at org.eclipse.xtext.xbase.interpreter.impl.XbaseInterpreter.evaluate(XbaseInterpreter.java:204) ~[na:na]
	at org.openhab.model.script.internal.engine.ScriptImpl.execute(ScriptImpl.java:59) ~[na:na]
	at org.openhab.model.rule.internal.engine.ExecuteRuleJob.execute(ExecuteRuleJob.java:55) ~[na:na]
	at org.quartz.core.JobRunShell.run(JobRunShell.java:213) [quartz-all-2.1.7.jar:na]
	at org.quartz.simpl.SimpleThreadPool$WorkerThread.run(SimpleThreadPool.java:557) [quartz-all-2.1.7.jar:na]
Caused by: java.lang.IllegalArgumentException: java.lang.ClassCastException@63d691
	at sun.reflect.GeneratedMethodAccessor25.invoke(Unknown Source) ~[na:na]
	at sun.reflect.DelegatingMethodAccessorImpl.invoke(DelegatingMethodAccessorImpl.java:43) ~[na:1.8.0]
	at java.lang.reflect.Method.invoke(Method.java:483) ~[na:1.8.0]
	at org.eclipse.xtext.xbase.interpreter.impl.XbaseInterpreter.invokeOperation(XbaseInterpreter.java:729) ~[na:na]
	... 45 common frames omitted
2014-11-26 09:46:05.797 [WARN ] [c.b.xml.DeviceDescriptorBinder] - Wrong XML namespace declared on root element: http://schemas.xmlsoap.org/soap/envelope/
2014-11-26 09:46:05.847 [WARN ] [.c.p.RetrieveRemoteDescriptors] - Could not hydrate device or its services from descriptor: (RemoteDevice) Identity: (RemoteDeviceIdentity) UDN: uuid:E5962F3D-5D85-016D-8577-F0705A02A234, Descriptor: http://192.168.1.1/HNAP1/, Root: true
2014-11-26 09:46:05.907 [WARN ] [.c.p.RetrieveRemoteDescriptors] - Cause was: org.teleal.cling.binding.xml.DescriptorBindingException: Root element name is not <root>: soap:Envelope
2014-11-26 09:46:06.179 [INFO ] [.b.sonos.internal.SonosBinding] - A non-Sonos device (Linksys Inc. WPS X1) is found and will be ignored
2014-11-26 09:46:06.910 [INFO ] [.b.sonos.internal.SonosBinding] - A non-Sonos device (Cisco Linksys Series Router E4200) is found and will be ignored
2014-11-26 09:49:09.133 [INFO ] [g.openhab.model.script.Weather] - Temperature evolved of 1 degrees.
2014-11-26 09:50:01.931 [ERROR] [.o.m.r.i.engine.ExecuteRuleJob] - Error during the execution of rule Set random room temperatures
java.lang.IllegalStateException: Could not invoke method: org.openhab.model.script.actions.BusEvent.postUpdate(org.openhab.core.items.Item,org.openhab.core.types.State) on instance: null
	at org.eclipse.xtext.xbase.interpreter.impl.XbaseInterpreter.invokeOperation(XbaseInterpreter.java:738) ~[na:na]
	at org.eclipse.xtext.xbase.interpreter.impl.XbaseInterpreter._featureCallOperation(XbaseInterpreter.java:713) ~[na:na]
	at sun.reflect.GeneratedMethodAccessor19.invoke(Unknown Source) ~[na:na]
	at sun.reflect.DelegatingMethodAccessorImpl.invoke(DelegatingMethodAccessorImpl.java:43) ~[na:1.8.0]
	at java.lang.reflect.Method.invoke(Method.java:483) ~[na:1.8.0]
	at org.eclipse.xtext.util.PolymorphicDispatcher.invoke(PolymorphicDispatcher.java:291) ~[na:na]
	at org.openhab.model.script.interpreter.ScriptInterpreter.internalFeatureCallDispatch(ScriptInterpreter.java:69) ~[na:na]
	at org.eclipse.xtext.xbase.interpreter.impl.XbaseInterpreter._evaluateAbstractFeatureCall(XbaseInterpreter.java:658) ~[na:na]
	at sun.reflect.GeneratedMethodAccessor18.invoke(Unknown Source) ~[na:na]
	at sun.reflect.DelegatingMethodAccessorImpl.invoke(DelegatingMethodAccessorImpl.java:43) ~[na:1.8.0]
	at java.lang.reflect.Method.invoke(Method.java:483) ~[na:1.8.0]
	at org.eclipse.xtext.util.PolymorphicDispatcher.invoke(PolymorphicDispatcher.java:291) ~[na:na]
	at org.eclipse.xtext.xbase.interpreter.impl.XbaseInterpreter.internalEvaluate(XbaseInterpreter.java:218) ~[na:na]
	at org.eclipse.xtext.xbase.interpreter.impl.XbaseInterpreter.evaluate(XbaseInterpreter.java:204) ~[na:na]
	at org.eclipse.xtext.xbase.interpreter.impl.ClosureInvocationHandler.doInvoke(ClosureInvocationHandler.java:46) ~[na:na]
	at org.eclipse.xtext.xbase.interpreter.impl.AbstractClosureInvocationHandler.invoke(AbstractClosureInvocationHandler.java:28) ~[na:na]
	at com.sun.proxy.$Proxy80.apply(Unknown Source) ~[na:na]
	at org.eclipse.xtext.xbase.lib.IterableExtensions.forEach(IterableExtensions.java:395) ~[na:na]
	at sun.reflect.NativeMethodAccessorImpl.invoke0(Native Method) ~[na:1.8.0]
	at sun.reflect.NativeMethodAccessorImpl.invoke(NativeMethodAccessorImpl.java:62) ~[na:1.8.0]
	at sun.reflect.DelegatingMethodAccessorImpl.invoke(DelegatingMethodAccessorImpl.java:43) ~[na:1.8.0]
	at java.lang.reflect.Method.invoke(Method.java:483) ~[na:1.8.0]
	at org.eclipse.xtext.xbase.interpreter.impl.XbaseInterpreter.invokeOperation(XbaseInterpreter.java:729) ~[na:na]
	at org.eclipse.xtext.xbase.interpreter.impl.XbaseInterpreter._featureCallOperation(XbaseInterpreter.java:713) ~[na:na]
	at sun.reflect.GeneratedMethodAccessor19.invoke(Unknown Source) ~[na:na]
	at sun.reflect.DelegatingMethodAccessorImpl.invoke(DelegatingMethodAccessorImpl.java:43) ~[na:1.8.0]
	at java.lang.reflect.Method.invoke(Method.java:483) ~[na:1.8.0]
	at org.eclipse.xtext.util.PolymorphicDispatcher.invoke(PolymorphicDispatcher.java:291) ~[na:na]
	at org.openhab.model.script.interpreter.ScriptInterpreter.internalFeatureCallDispatch(ScriptInterpreter.java:69) ~[na:na]
	at org.eclipse.xtext.xbase.interpreter.impl.XbaseInterpreter._evaluateMemberFeatureCall(XbaseInterpreter.java:549) ~[na:na]
	at sun.reflect.GeneratedMethodAccessor33.invoke(Unknown Source) ~[na:na]
	at sun.reflect.DelegatingMethodAccessorImpl.invoke(DelegatingMethodAccessorImpl.java:43) ~[na:1.8.0]
	at java.lang.reflect.Method.invoke(Method.java:483) ~[na:1.8.0]
	at org.eclipse.xtext.util.PolymorphicDispatcher.invoke(PolymorphicDispatcher.java:291) ~[na:na]
	at org.eclipse.xtext.xbase.interpreter.impl.XbaseInterpreter.internalEvaluate(XbaseInterpreter.java:218) ~[na:na]
	at org.eclipse.xtext.xbase.interpreter.impl.XbaseInterpreter._evaluateBlockExpression(XbaseInterpreter.java:321) ~[na:na]
	at sun.reflect.GeneratedMethodAccessor46.invoke(Unknown Source) ~[na:na]
	at sun.reflect.DelegatingMethodAccessorImpl.invoke(DelegatingMethodAccessorImpl.java:43) ~[na:1.8.0]
	at java.lang.reflect.Method.invoke(Method.java:483) ~[na:1.8.0]
	at org.eclipse.xtext.util.PolymorphicDispatcher.invoke(PolymorphicDispatcher.java:291) ~[na:na]
	at org.eclipse.xtext.xbase.interpreter.impl.XbaseInterpreter.internalEvaluate(XbaseInterpreter.java:218) ~[na:na]
	at org.eclipse.xtext.xbase.interpreter.impl.XbaseInterpreter.evaluate(XbaseInterpreter.java:204) ~[na:na]
	at org.openhab.model.script.internal.engine.ScriptImpl.execute(ScriptImpl.java:59) ~[na:na]
	at org.openhab.model.rule.internal.engine.ExecuteRuleJob.execute(ExecuteRuleJob.java:55) ~[na:na]
	at org.quartz.core.JobRunShell.run(JobRunShell.java:213) [quartz-all-2.1.7.jar:na]
	at org.quartz.simpl.SimpleThreadPool$WorkerThread.run(SimpleThreadPool.java:557) [quartz-all-2.1.7.jar:na]
Caused by: java.lang.IllegalArgumentException: java.lang.ClassCastException@c3702a
	at sun.reflect.GeneratedMethodAccessor25.invoke(Unknown Source) ~[na:na]
	at sun.reflect.DelegatingMethodAccessorImpl.invoke(DelegatingMethodAccessorImpl.java:43) ~[na:1.8.0]
	at java.lang.reflect.Method.invoke(Method.java:483) ~[na:1.8.0]
	at org.eclipse.xtext.xbase.interpreter.impl.XbaseInterpreter.invokeOperation(XbaseInterpreter.java:729) ~[na:na]
	... 45 common frames omitted
2014-11-26 09:53:25.582 [WARN ] [c.b.xml.DeviceDescriptorBinder] - Wrong XML namespace declared on root element: http://schemas.xmlsoap.org/soap/envelope/
2014-11-26 09:53:25.656 [WARN ] [.c.p.RetrieveRemoteDescriptors] - Could not hydrate device or its services from descriptor: (RemoteDevice) Identity: (RemoteDeviceIdentity) UDN: uuid:E5962F3D-5D85-016D-8577-F0705A02A234, Descriptor: http://192.168.1.1/HNAP1/, Root: true
2014-11-26 09:53:25.663 [WARN ] [.c.p.RetrieveRemoteDescriptors] - Cause was: org.teleal.cling.binding.xml.DescriptorBindingException: Root element name is not <root>: soap:Envelope
2014-11-26 09:53:25.885 [INFO ] [.b.sonos.internal.SonosBinding] - A non-Sonos device (Linksys Inc. WPS X1) is found and will be ignored
2014-11-26 09:53:26.574 [INFO ] [.b.sonos.internal.SonosBinding] - A non-Sonos device (Cisco Linksys Series Router E4200) is found and will be ignored
2014-11-26 09:54:02.758 [INFO ] [penhab.io.rest.RESTApplication] - Stopped REST API
2014-11-26 09:54:06.948 [INFO ] [.o.u.w.i.servlet.WebAppServlet] - Stopped Classic UI
2014-11-26 09:54:07.088 [INFO ] [rg.openhab.io.cv.CVApplication] - Stopped CometVisu API
